# JRE version: OpenJDK Runtime Environment (8.0_242-b01) (build 1.8.0_242-release-1644-b01)
# Java VM: OpenJDK 64-Bit Server VM (25.242-b01 mixed mode windows-amd64 compressed oops)
Heap:
 PSYoungGen      total 537088K, used 312544K [0x00000000d5580000, 0x00000000ff680000, 0x0000000100000000)
  eden space 398336K, 72% used [0x00000000d5580000,0x00000000e6dea8d0,0x00000000eda80000)
  from space 138752K, 18% used [0x00000000f6f00000,0x00000000f87cd9b0,0x00000000ff680000)
  to   space 145408K, 0% used [0x00000000eda80000,0x00000000eda80000,0x00000000f6880000)
 ParOldGen       total 334336K, used 114299K [0x0000000080000000, 0x0000000094680000, 0x00000000d5580000)
  object space 334336K, 34% used [0x0000000080000000,0x0000000086f9ee70,0x0000000094680000)
 Metaspace       used 174024K, capacity 183806K, committed 183960K, reserved 1210368K
  class space    used 21432K, capacity 23175K, committed 23208K, reserved 1048576K
GC Heap History (10 events):
Event: 8182.054 GC heap before
{Heap before GC invocations=72 (full 6):
 PSYoungGen      total 520704K, used 428935K [0x00000000d5580000, 0x00000000fee80000, 0x0000000100000000)
  eden space 360960K, 100% used [0x00000000d5580000,0x00000000eb600000,0x00000000eb600000)
  from space 159744K, 42% used [0x00000000eb600000,0x00000000ef861e60,0x00000000f5200000)
  to   space 153088K, 0% used [0x00000000f5900000,0x00000000f5900000,0x00000000fee80000)
 ParOldGen       total 334336K, used 114267K [0x0000000080000000, 0x0000000094680000, 0x00000000d5580000)
  object space 334336K, 34% used [0x0000000080000000,0x0000000086f96e70,0x0000000094680000)
 Metaspace       used 167008K, capacity 176646K, committed 176792K, reserved 1204224K
  class space    used 20675K, capacity 22395K, committed 22440K, reserved 1048576K
Event: 8182.101 GC heap after
Heap after GC invocations=72 (full 6):
 PSYoungGen      total 532992K, used 41903K [0x00000000d5580000, 0x00000000fed80000, 0x0000000100000000)
  eden space 380928K, 0% used [0x00000000d5580000,0x00000000d5580000,0x00000000ec980000)
  from space 152064K, 27% used [0x00000000f5900000,0x00000000f81ebcc8,0x00000000fed80000)
  to   space 146944K, 0% used [0x00000000ec980000,0x00000000ec980000,0x00000000f5900000)
 ParOldGen       total 334336K, used 114267K [0x0000000080000000, 0x0000000094680000, 0x00000000d5580000)
  object space 334336K, 34% used [0x0000000080000000,0x0000000086f96e70,0x0000000094680000)
 Metaspace       used 167008K, capacity 176646K, committed 176792K, reserved 1204224K
  class space    used 20675K, capacity 22395K, committed 22440K, reserved 1048576K
}
Event: 8352.725 GC heap before
{Heap before GC invocations=73 (full 6):
 PSYoungGen      total 532992K, used 422831K [0x00000000d5580000, 0x00000000fed80000, 0x0000000100000000)
  eden space 380928K, 100% used [0x00000000d5580000,0x00000000ec980000,0x00000000ec980000)
  from space 152064K, 27% used [0x00000000f5900000,0x00000000f81ebcc8,0x00000000fed80000)
  to   space 146944K, 0% used [0x00000000ec980000,0x00000000ec980000,0x00000000f5900000)
 ParOldGen       total 334336K, used 114267K [0x0000000080000000, 0x0000000094680000, 0x00000000d5580000)
  object space 334336K, 34% used [0x0000000080000000,0x0000000086f96e70,0x0000000094680000)
 Metaspace       used 167166K, capacity 176788K, committed 177048K, reserved 1204224K
  class space    used 20693K, capacity 22408K, committed 22440K, reserved 1048576K
Event: 8352.749 GC heap after
Heap after GC invocations=73 (full 6):
 PSYoungGen      total 527872K, used 23590K [0x00000000d5580000, 0x00000000ff500000, 0x0000000100000000)
  eden space 380928K, 0% used [0x00000000d5580000,0x00000000d5580000,0x00000000ec980000)
  from space 146944K, 16% used [0x00000000ec980000,0x00000000ee089978,0x00000000f5900000)
  to   space 143872K, 0% used [0x00000000f6880000,0x00000000f6880000,0x00000000ff500000)
 ParOldGen       total 334336K, used 114275K [0x0000000080000000, 0x0000000094680000, 0x00000000d5580000)
  object space 334336K, 34% used [0x0000000080000000,0x0000000086f98e70,0x0000000094680000)
 Metaspace       used 167166K, capacity 176788K, committed 177048K, reserved 1204224K
  class space    used 20693K, capacity 22408K, committed 22440K, reserved 1048576K
}
Event: 8389.100 GC heap before
{Heap before GC invocations=74 (full 6):
 PSYoungGen      total 527872K, used 404518K [0x00000000d5580000, 0x00000000ff500000, 0x0000000100000000)
  eden space 380928K, 100% used [0x00000000d5580000,0x00000000ec980000,0x00000000ec980000)
  from space 146944K, 16% used [0x00000000ec980000,0x00000000ee089978,0x00000000f5900000)
  to   space 143872K, 0% used [0x00000000f6880000,0x00000000f6880000,0x00000000ff500000)
 ParOldGen       total 334336K, used 114275K [0x0000000080000000, 0x0000000094680000, 0x00000000d5580000)
  object space 334336K, 34% used [0x0000000080000000,0x0000000086f98e70,0x0000000094680000)
 Metaspace       used 173738K, capacity 183534K, committed 183704K, reserved 1210368K
  class space    used 21430K, capacity 23175K, committed 23208K, reserved 1048576K
Event: 8389.183 GC heap after
Heap after GC invocations=74 (full 6):
 PSYoungGen      total 535040K, used 102460K [0x00000000d5580000, 0x0000000100000000, 0x0000000100000000)
  eden space 391168K, 0% used [0x00000000d5580000,0x00000000d5580000,0x00000000ed380000)
  from space 143872K, 71% used [0x00000000f6880000,0x00000000fcc8f0b8,0x00000000ff500000)
  to   space 152576K, 0% used [0x00000000ed380000,0x00000000ed380000,0x00000000f6880000)
 ParOldGen       total 334336K, used 114283K [0x0000000080000000, 0x0000000094680000, 0x00000000d5580000)
  object space 334336K, 34% used [0x0000000080000000,0x0000000086f9ae70,0x0000000094680000)
 Metaspace       used 173738K, capacity 183534K, committed 183704K, reserved 1210368K
  class space    used 21430K, capacity 23175K, committed 23208K, reserved 1048576K
}
Event: 8393.761 GC heap before
{Heap before GC invocations=75 (full 6):
 PSYoungGen      total 535040K, used 493628K [0x00000000d5580000, 0x0000000100000000, 0x0000000100000000)
  eden space 391168K, 100% used [0x00000000d5580000,0x00000000ed380000,0x00000000ed380000)
  from space 143872K, 71% used [0x00000000f6880000,0x00000000fcc8f0b8,0x00000000ff500000)
  to   space 152576K, 0% used [0x00000000ed380000,0x00000000ed380000,0x00000000f6880000)
 ParOldGen       total 334336K, used 114283K [0x0000000080000000, 0x0000000094680000, 0x00000000d5580000)
  object space 334336K, 34% used [0x0000000080000000,0x0000000086f9ae70,0x0000000094680000)
 Metaspace       used 173893K, capacity 183734K, committed 183960K, reserved 1210368K
  class space    used 21430K, capacity 23175K, committed 23208K, reserved 1048576K
Event: 8393.843 GC heap after
Heap after GC invocations=75 (full 6):
 PSYoungGen      total 543744K, used 72099K [0x00000000d5580000, 0x00000000fff80000, 0x0000000100000000)
  eden space 391168K, 0% used [0x00000000d5580000,0x00000000d5580000,0x00000000ed380000)
  from space 152576K, 47% used [0x00000000ed380000,0x00000000f19e8c40,0x00000000f6880000)
  to   space 147968K, 0% used [0x00000000f6f00000,0x00000000f6f00000,0x00000000fff80000)
 ParOldGen       total 334336K, used 114291K [0x0000000080000000, 0x0000000094680000, 0x00000000d5580000)
  object space 334336K, 34% used [0x0000000080000000,0x0000000086f9ce70,0x0000000094680000)
 Metaspace       used 173893K, capacity 183734K, committed 183960K, reserved 1210368K
  class space    used 21430K, capacity 23175K, committed 23208K, reserved 1048576K
}
Event: 8409.767 GC heap before
{Heap before GC invocations=76 (full 6):
 PSYoungGen      total 543744K, used 463259K [0x00000000d5580000, 0x00000000fff80000, 0x0000000100000000)
  eden space 391168K, 99% used [0x00000000d5580000,0x00000000ed37e330,0x00000000ed380000)
  from space 152576K, 47% used [0x00000000ed380000,0x00000000f19e8c40,0x00000000f6880000)
  to   space 147968K, 0% used [0x00000000f6f00000,0x00000000f6f00000,0x00000000fff80000)
 ParOldGen       total 334336K, used 114291K [0x0000000080000000, 0x0000000094680000, 0x00000000d5580000)
  object space 334336K, 34% used [0x0000000080000000,0x0000000086f9ce70,0x0000000094680000)
 Metaspace       used 173976K, capacity 183738K, committed 183960K, reserved 1210368K
  class space    used 21430K, capacity 23175K, committed 23208K, reserved 1048576K
Event: 8409.819 GC heap after
Heap after GC invocations=76 (full 6):
 PSYoungGen      total 537088K, used 25398K [0x00000000d5580000, 0x00000000ff680000, 0x0000000100000000)
  eden space 398336K, 0% used [0x00000000d5580000,0x00000000d5580000,0x00000000eda80000)
  from space 138752K, 18% used [0x00000000f6f00000,0x00000000f87cd9b0,0x00000000ff680000)
  to   space 145408K, 0% used [0x00000000eda80000,0x00000000eda80000,0x00000000f6880000)
 ParOldGen       total 334336K, used 114299K [0x0000000080000000, 0x0000000094680000, 0x00000000d5580000)
  object space 334336K, 34% used [0x0000000080000000,0x0000000086f9ee70,0x0000000094680000)
 Metaspace       used 173976K, capacity 183738K, committed 183960K, reserved 1210368K
  class space    used 21430K, capacity 23175K, committed 23208K, reserved 1048576K
}

